Flow report for PR2_GRPA1_P10
Thu Apr 02 16:38:44 2020
Quartus Prime Version 18.1.0 Build 625 09/12/2018 SJ Lite Edition


---------------------
; Table of Contents ;
---------------------
  1. Legal Notice
  2. Flow Summary
  3. Flow Settings
  4. Flow Non-Default Global Settings
  5. Flow Elapsed Time
  6. Flow OS Summary
  7. Flow Log
  8. Flow Messages
  9. Flow Suppressed Messages



----------------
; Legal Notice ;
----------------
Copyright (C) 2018  Intel Corporation. All rights reserved.
Your use of Intel Corporation's design tools, logic functions 
and other software and tools, and its AMPP partner logic 
functions, and any output files from any of the foregoing 
(including device programming or simulation files), and any 
associated documentation or information are expressly subject 
to the terms and conditions of the Intel Program License 
Subscription Agreement, the Intel Quartus Prime License Agreement,
the Intel FPGA IP License Agreement, or other applicable license
agreement, including, without limitation, that your use is for
the sole purpose of programming logic devices manufactured by
Intel and sold by Intel or its authorized distributors.  Please
refer to the applicable agreement for further details.



+---------------------------------------------------------------------+
; Flow Summary                                                        ;
+-----------------------+---------------------------------------------+
; Flow Status           ; Successful - Thu Apr 02 16:38:44 2020       ;
; Quartus Prime Version ; 18.1.0 Build 625 09/12/2018 SJ Lite Edition ;
; Revision Name         ; PR2_GRPA1_P10                               ;
; Top-level Entity Name ; PR2_GRPA1_P10                               ;
; Family                ; MAX II                                      ;
; Device                ; EPM240T100C5                                ;
; Timing Models         ; Final                                       ;
; Total logic elements  ; 15 / 240 ( 6 % )                            ;
; Total pins            ; 17 / 80 ( 21 % )                            ;
; Total virtual pins    ; 0                                           ;
; UFM blocks            ; 0 / 1 ( 0 % )                               ;
+-----------------------+---------------------------------------------+


+-----------------------------------------+
; Flow Settings                           ;
+-------------------+---------------------+
; Option            ; Setting             ;
+-------------------+---------------------+
; Start date & time ; 04/02/2020 16:36:54 ;
; Main task         ; Compilation         ;
; Revision Name     ; PR2_GRPA1_P10       ;
+-------------------+---------------------+


+------------------------------------------------------------------------------------------------------------------------+
; Flow Non-Default Global Settings                                                                                       ;
+---------------------------------------+---------------------------------+---------------+-------------+----------------+
; Assignment Name                       ; Value                           ; Default Value ; Entity Name ; Section Id     ;
+---------------------------------------+---------------------------------+---------------+-------------+----------------+
; COMPILER_SIGNATURE_ID                 ; 150281400968649.158583821402340 ; --            ; --          ; --             ;
; EDA_OUTPUT_DATA_FORMAT                ; Vhdl                            ; --            ; --          ; eda_simulation ;
; EDA_SIMULATION_TOOL                   ; ModelSim-Altera (VHDL)          ; <None>        ; --          ; --             ;
; EDA_TIME_SCALE                        ; 1 ps                            ; --            ; --          ; eda_simulation ;
; MAX_CORE_JUNCTION_TEMP                ; 85                              ; --            ; --          ; --             ;
; MIN_CORE_JUNCTION_TEMP                ; 0                               ; --            ; --          ; --             ;
; POWER_EXT_SUPPLY_VOLTAGE_TO_REGULATOR ; 3.3V                            ; --            ; --          ; --             ;
; PROJECT_OUTPUT_DIRECTORY              ; output_files                    ; --            ; --          ; --             ;
+---------------------------------------+---------------------------------+---------------+-------------+----------------+


+--------------------------------------------------------------------------------------------------------------------------+
; Flow Elapsed Time                                                                                                        ;
+----------------------+--------------+-------------------------+---------------------+------------------------------------+
; Module Name          ; Elapsed Time ; Average Processors Used ; Peak Virtual Memory ; Total CPU Time (on all processors) ;
+----------------------+--------------+-------------------------+---------------------+------------------------------------+
; Analysis & Synthesis ; 00:00:24     ; 1.0                     ; 622 MB              ; 00:00:56                           ;
; Fitter               ; 00:00:02     ; 1.0                     ; 873 MB              ; 00:00:02                           ;
; Assembler            ; 00:00:01     ; 1.0                     ; 511 MB              ; 00:00:01                           ;
; Timing Analyzer      ; 00:00:01     ; 1.0                     ; 509 MB              ; 00:00:01                           ;
; EDA Netlist Writer   ; 00:00:01     ; 1.0                     ; 472 MB              ; 00:00:01                           ;
; EDA Netlist Writer   ; 00:00:01     ; 1.0                     ; 464 MB              ; 00:00:01                           ;
; EDA Netlist Writer   ; 00:00:01     ; 1.0                     ; 473 MB              ; 00:00:01                           ;
; Total                ; 00:00:31     ; --                      ; --                  ; 00:01:03                           ;
+----------------------+--------------+-------------------------+---------------------+------------------------------------+


+-----------------------------------------------------------------------------------+
; Flow OS Summary                                                                   ;
+----------------------+------------------+-----------+------------+----------------+
; Module Name          ; Machine Hostname ; OS Name   ; OS Version ; Processor type ;
+----------------------+------------------+-----------+------------+----------------+
; Analysis & Synthesis ; Fran-PC          ; Windows 7 ; 6.1        ; x86_64         ;
; Fitter               ; Fran-PC          ; Windows 7 ; 6.1        ; x86_64         ;
; Assembler            ; Fran-PC          ; Windows 7 ; 6.1        ; x86_64         ;
; Timing Analyzer      ; Fran-PC          ; Windows 7 ; 6.1        ; x86_64         ;
; EDA Netlist Writer   ; Fran-PC          ; Windows 7 ; 6.1        ; x86_64         ;
; EDA Netlist Writer   ; Fran-PC          ; Windows 7 ; 6.1        ; x86_64         ;
; EDA Netlist Writer   ; Fran-PC          ; Windows 7 ; 6.1        ; x86_64         ;
+----------------------+------------------+-----------+------------+----------------+


------------
; Flow Log ;
------------
quartus_map --read_settings_files=on --write_settings_files=off PR2_GRPA1_P10 -c PR2_GRPA1_P10
quartus_fit --read_settings_files=off --write_settings_files=off PR2_GRPA1_P10 -c PR2_GRPA1_P10
quartus_asm --read_settings_files=off --write_settings_files=off PR2_GRPA1_P10 -c PR2_GRPA1_P10
quartus_sta PR2_GRPA1_P10 -c PR2_GRPA1_P10
quartus_eda --read_settings_files=off --write_settings_files=off PR2_GRPA1_P10 -c PR2_GRPA1_P10
quartus_eda --gen_testbench --tool=modelsim_oem --format=vhdl --write_settings_files=off PR2_GRPA1_P10 -c PR2_GRPA1_P10 --vector_source=C:/Users/Aitor/Desktop/Quartus/Practica2/Waveform2.vwf --testbench_file=C:/Users/Aitor/Desktop/Quartus/Practica2/simulation/qsim/Waveform2.vwf.vht
quartus_eda --write_settings_files=off --simulation=on --functional=on --flatten_buses=off --tool=modelsim_oem --format=vhdl --output_directory=C:/Users/Aitor/Desktop/Quartus/Practica2/simulation/qsim/ PR2_GRPA1_P10 -c PR2_GRPA1_P10



